{"C:\\Users\\jerem\\git\\moocfullstack\\osa5\\bloglist-frontend\\src\\App.jsx": {"path":"C:\\Users\\jerem\\git\\moocfullstack\\osa5\\bloglist-frontend\\src\\App.jsx","statementMap":{"0":{"start":{"line":11,"column":12},"end":{"line":165,"column":1}},"1":{"start":{"line":12,"column":28},"end":{"line":12,"column":40}},"2":{"start":{"line":13,"column":34},"end":{"line":13,"column":46}},"3":{"start":{"line":14,"column":34},"end":{"line":14,"column":46}},"4":{"start":{"line":15,"column":26},"end":{"line":15,"column":40}},"5":{"start":{"line":16,"column":42},"end":{"line":16,"column":54}},"6":{"start":{"line":17,"column":50},"end":{"line":17,"column":62}},"7":{"start":{"line":22,"column":22},"end":{"line":22,"column":30}},"8":{"start":{"line":25,"column":2},"end":{"line":28,"column":8}},"9":{"start":{"line":26,"column":4},"end":{"line":27,"column":25}},"10":{"start":{"line":27,"column":6},"end":{"line":27,"column":23}},"11":{"start":{"line":32,"column":2},"end":{"line":44,"column":8}},"12":{"start":{"line":33,"column":27},"end":{"line":33,"column":75}},"13":{"start":{"line":34,"column":4},"end":{"line":42,"column":5}},"14":{"start":{"line":35,"column":6},"end":{"line":35,"column":33}},"15":{"start":{"line":36,"column":19},"end":{"line":36,"column":45}},"16":{"start":{"line":37,"column":6},"end":{"line":37,"column":19}},"17":{"start":{"line":38,"column":6},"end":{"line":38,"column":38}},"18":{"start":{"line":47,"column":19},"end":{"line":51,"column":3}},"19":{"start":{"line":48,"column":4},"end":{"line":50,"column":5}},"20":{"start":{"line":48,"column":25},"end":{"line":48,"column":42}},"21":{"start":{"line":49,"column":6},"end":{"line":49,"column":137}},"22":{"start":{"line":49,"column":110},"end":{"line":49,"column":133}},"23":{"start":{"line":55,"column":21},"end":{"line":57,"column":3}},"24":{"start":{"line":56,"column":4},"end":{"line":56,"column":30}},"25":{"start":{"line":60,"column":25},"end":{"line":70,"column":3}},"26":{"start":{"line":61,"column":23},"end":{"line":61,"column":61}},"27":{"start":{"line":61,"column":42},"end":{"line":61,"column":60}},"28":{"start":{"line":62,"column":24},"end":{"line":65,"column":5}},"29":{"start":{"line":66,"column":4},"end":{"line":66,"column":49}},"30":{"start":{"line":68,"column":25},"end":{"line":68,"column":74}},"31":{"start":{"line":68,"column":40},"end":{"line":68,"column":73}},"32":{"start":{"line":69,"column":4},"end":{"line":69,"column":26}},"33":{"start":{"line":73,"column":22},"end":{"line":98,"column":3}},"34":{"start":{"line":75,"column":4},"end":{"line":75,"column":26}},"35":{"start":{"line":77,"column":4},"end":{"line":97,"column":5}},"36":{"start":{"line":78,"column":19},"end":{"line":80,"column":8}},"37":{"start":{"line":82,"column":6},"end":{"line":82,"column":77}},"38":{"start":{"line":83,"column":6},"end":{"line":83,"column":38}},"39":{"start":{"line":87,"column":6},"end":{"line":87,"column":19}},"40":{"start":{"line":88,"column":6},"end":{"line":88,"column":21}},"41":{"start":{"line":89,"column":6},"end":{"line":89,"column":21}},"42":{"start":{"line":91,"column":6},"end":{"line":91,"column":51}},"43":{"start":{"line":92,"column":6},"end":{"line":92,"column":34}},"44":{"start":{"line":93,"column":6},"end":{"line":96,"column":14}},"45":{"start":{"line":94,"column":8},"end":{"line":94,"column":27}},"46":{"start":{"line":95,"column":8},"end":{"line":95,"column":31}},"47":{"start":{"line":99,"column":23},"end":{"line":105,"column":3}},"48":{"start":{"line":101,"column":4},"end":{"line":101,"column":17}},"49":{"start":{"line":103,"column":4},"end":{"line":103,"column":55}},"50":{"start":{"line":107,"column":18},"end":{"line":128,"column":3}},"51":{"start":{"line":108,"column":4},"end":{"line":108,"column":42}},"52":{"start":{"line":109,"column":4},"end":{"line":127,"column":5}},"53":{"start":{"line":110,"column":22},"end":{"line":110,"column":58}},"54":{"start":{"line":111,"column":6},"end":{"line":111,"column":37}},"55":{"start":{"line":112,"column":6},"end":{"line":112,"column":51}},"56":{"start":{"line":113,"column":6},"end":{"line":113,"column":36}},"57":{"start":{"line":114,"column":6},"end":{"line":114,"column":87}},"58":{"start":{"line":115,"column":6},"end":{"line":118,"column":14}},"59":{"start":{"line":116,"column":8},"end":{"line":116,"column":27}},"60":{"start":{"line":117,"column":8},"end":{"line":117,"column":31}},"61":{"start":{"line":121,"column":6},"end":{"line":121,"column":61}},"62":{"start":{"line":122,"column":6},"end":{"line":122,"column":34}},"63":{"start":{"line":123,"column":6},"end":{"line":126,"column":14}},"64":{"start":{"line":124,"column":8},"end":{"line":124,"column":27}},"65":{"start":{"line":125,"column":8},"end":{"line":125,"column":31}},"66":{"start":{"line":130,"column":2},"end":{"line":164,"column":3}},"67":{"start":{"line":140,"column":48},"end":{"line":140,"column":73}},"68":{"start":{"line":141,"column":48},"end":{"line":141,"column":73}}},"fnMap":{"0":{"name":"(anonymous_0)","decl":{"start":{"line":11,"column":12},"end":{"line":11,"column":13}},"loc":{"start":{"line":11,"column":18},"end":{"line":165,"column":1}},"line":11},"1":{"name":"(anonymous_1)","decl":{"start":{"line":25,"column":12},"end":{"line":25,"column":13}},"loc":{"start":{"line":25,"column":18},"end":{"line":28,"column":3}},"line":25},"2":{"name":"(anonymous_2)","decl":{"start":{"line":26,"column":30},"end":{"line":26,"column":31}},"loc":{"start":{"line":27,"column":6},"end":{"line":27,"column":23}},"line":27},"3":{"name":"(anonymous_3)","decl":{"start":{"line":32,"column":12},"end":{"line":32,"column":13}},"loc":{"start":{"line":32,"column":18},"end":{"line":44,"column":3}},"line":32},"4":{"name":"(anonymous_4)","decl":{"start":{"line":47,"column":19},"end":{"line":47,"column":20}},"loc":{"start":{"line":48,"column":4},"end":{"line":50,"column":5}},"line":48},"5":{"name":"(anonymous_5)","decl":{"start":{"line":48,"column":15},"end":{"line":48,"column":16}},"loc":{"start":{"line":48,"column":25},"end":{"line":48,"column":42}},"line":48},"6":{"name":"(anonymous_6)","decl":{"start":{"line":48,"column":48},"end":{"line":48,"column":49}},"loc":{"start":{"line":49,"column":6},"end":{"line":49,"column":137}},"line":49},"7":{"name":"(anonymous_7)","decl":{"start":{"line":49,"column":104},"end":{"line":49,"column":105}},"loc":{"start":{"line":49,"column":110},"end":{"line":49,"column":133}},"line":49},"8":{"name":"(anonymous_8)","decl":{"start":{"line":55,"column":21},"end":{"line":55,"column":22}},"loc":{"start":{"line":55,"column":43},"end":{"line":57,"column":3}},"line":55},"9":{"name":"(anonymous_9)","decl":{"start":{"line":60,"column":25},"end":{"line":60,"column":26}},"loc":{"start":{"line":60,"column":43},"end":{"line":70,"column":3}},"line":60},"10":{"name":"(anonymous_10)","decl":{"start":{"line":61,"column":34},"end":{"line":61,"column":35}},"loc":{"start":{"line":61,"column":42},"end":{"line":61,"column":60}},"line":61},"11":{"name":"(anonymous_11)","decl":{"start":{"line":68,"column":35},"end":{"line":68,"column":36}},"loc":{"start":{"line":68,"column":40},"end":{"line":68,"column":73}},"line":68},"12":{"name":"(anonymous_12)","decl":{"start":{"line":73,"column":22},"end":{"line":73,"column":23}},"loc":{"start":{"line":73,"column":39},"end":{"line":98,"column":3}},"line":73},"13":{"name":"(anonymous_13)","decl":{"start":{"line":93,"column":17},"end":{"line":93,"column":18}},"loc":{"start":{"line":93,"column":23},"end":{"line":96,"column":7}},"line":93},"14":{"name":"(anonymous_14)","decl":{"start":{"line":99,"column":23},"end":{"line":99,"column":24}},"loc":{"start":{"line":99,"column":34},"end":{"line":105,"column":3}},"line":99},"15":{"name":"(anonymous_15)","decl":{"start":{"line":107,"column":18},"end":{"line":107,"column":19}},"loc":{"start":{"line":107,"column":40},"end":{"line":128,"column":3}},"line":107},"16":{"name":"(anonymous_16)","decl":{"start":{"line":115,"column":17},"end":{"line":115,"column":18}},"loc":{"start":{"line":115,"column":23},"end":{"line":118,"column":7}},"line":115},"17":{"name":"(anonymous_17)","decl":{"start":{"line":123,"column":17},"end":{"line":123,"column":18}},"loc":{"start":{"line":123,"column":23},"end":{"line":126,"column":7}},"line":123},"18":{"name":"(anonymous_18)","decl":{"start":{"line":140,"column":32},"end":{"line":140,"column":33}},"loc":{"start":{"line":140,"column":48},"end":{"line":140,"column":73}},"line":140},"19":{"name":"(anonymous_19)","decl":{"start":{"line":141,"column":32},"end":{"line":141,"column":33}},"loc":{"start":{"line":141,"column":48},"end":{"line":141,"column":73}},"line":141}},"branchMap":{"0":{"loc":{"start":{"line":34,"column":4},"end":{"line":42,"column":5}},"type":"if","locations":[{"start":{"line":34,"column":4},"end":{"line":42,"column":5}},{"start":{},"end":{}}],"line":34},"1":{"loc":{"start":{"line":68,"column":40},"end":{"line":68,"column":73}},"type":"cond-expr","locations":[{"start":{"line":68,"column":58},"end":{"line":68,"column":69}},{"start":{"line":68,"column":72},"end":{"line":68,"column":73}}],"line":68},"2":{"loc":{"start":{"line":132,"column":7},"end":{"line":145,"column":12}},"type":"binary-expr","locations":[{"start":{"line":132,"column":7},"end":{"line":132,"column":12}},{"start":{"line":132,"column":17},"end":{"line":145,"column":12}}],"line":132},"3":{"loc":{"start":{"line":148,"column":7},"end":{"line":161,"column":12}},"type":"binary-expr","locations":[{"start":{"line":148,"column":7},"end":{"line":148,"column":11}},{"start":{"line":148,"column":15},"end":{"line":161,"column":12}}],"line":148}},"s":{"0":0,"1":0,"2":0,"3":0,"4":0,"5":0,"6":0,"7":0,"8":0,"9":0,"10":0,"11":0,"12":0,"13":0,"14":0,"15":0,"16":0,"17":0,"18":0,"19":0,"20":0,"21":0,"22":0,"23":0,"24":0,"25":0,"26":0,"27":0,"28":0,"29":0,"30":0,"31":0,"32":0,"33":0,"34":0,"35":0,"36":0,"37":0,"38":0,"39":0,"40":0,"41":0,"42":0,"43":0,"44":0,"45":0,"46":0,"47":0,"48":0,"49":0,"50":0,"51":0,"52":0,"53":0,"54":0,"55":0,"56":0,"57":0,"58":0,"59":0,"60":0,"61":0,"62":0,"63":0,"64":0,"65":0,"66":0,"67":0,"68":0},"f":{"0":0,"1":0,"2":0,"3":0,"4":0,"5":0,"6":0,"7":0,"8":0,"9":0,"10":0,"11":0,"12":0,"13":0,"14":0,"15":0,"16":0,"17":0,"18":0,"19":0},"b":{"0":[0,0],"1":[0,0],"2":[0,0],"3":[0,0]}}
,"C:\\Users\\jerem\\git\\moocfullstack\\osa5\\bloglist-frontend\\src\\main.jsx": {"path":"C:\\Users\\jerem\\git\\moocfullstack\\osa5\\bloglist-frontend\\src\\main.jsx","statementMap":{"0":{"start":{"line":4,"column":0},"end":{"line":4,"column":68}}},"fnMap":{},"branchMap":{},"s":{"0":0},"f":{},"b":{}}
,"C:\\Users\\jerem\\git\\moocfullstack\\osa5\\bloglist-frontend\\src\\components\\Blog.jsx": {"path":"C:\\Users\\jerem\\git\\moocfullstack\\osa5\\bloglist-frontend\\src\\components\\Blog.jsx","statementMap":{"0":{"start":{"line":6,"column":13},"end":{"line":49,"column":1}},"1":{"start":{"line":8,"column":32},"end":{"line":8,"column":47}},"2":{"start":{"line":10,"column":20},"end":{"line":16,"column":3}},"3":{"start":{"line":17,"column":21},"end":{"line":19,"column":3}},"4":{"start":{"line":18,"column":4},"end":{"line":18,"column":24}},"5":{"start":{"line":20,"column":28},"end":{"line":20,"column":53}},"6":{"start":{"line":22,"column":21},"end":{"line":24,"column":3}},"7":{"start":{"line":23,"column":4},"end":{"line":23,"column":20}},"8":{"start":{"line":26,"column":23},"end":{"line":34,"column":3}},"9":{"start":{"line":27,"column":4},"end":{"line":33,"column":5}},"10":{"start":{"line":28,"column":6},"end":{"line":28,"column":29}},"11":{"start":{"line":29,"column":6},"end":{"line":29,"column":52}},"12":{"start":{"line":30,"column":6},"end":{"line":30,"column":39}},"13":{"start":{"line":31,"column":33},"end":{"line":31,"column":68}},"14":{"start":{"line":31,"column":51},"end":{"line":31,"column":67}},"15":{"start":{"line":32,"column":6},"end":{"line":32,"column":36}},"16":{"start":{"line":37,"column":2},"end":{"line":48,"column":3}},"17":{"start":{"line":51,"column":0},"end":{"line":57,"column":1}}},"fnMap":{"0":{"name":"(anonymous_0)","decl":{"start":{"line":6,"column":13},"end":{"line":6,"column":14}},"loc":{"start":{"line":6,"column":68},"end":{"line":49,"column":1}},"line":6},"1":{"name":"(anonymous_1)","decl":{"start":{"line":17,"column":21},"end":{"line":17,"column":22}},"loc":{"start":{"line":17,"column":27},"end":{"line":19,"column":3}},"line":17},"2":{"name":"(anonymous_2)","decl":{"start":{"line":22,"column":21},"end":{"line":22,"column":22}},"loc":{"start":{"line":22,"column":27},"end":{"line":24,"column":3}},"line":22},"3":{"name":"(anonymous_3)","decl":{"start":{"line":26,"column":23},"end":{"line":26,"column":24}},"loc":{"start":{"line":26,"column":35},"end":{"line":34,"column":3}},"line":26},"4":{"name":"(anonymous_4)","decl":{"start":{"line":31,"column":46},"end":{"line":31,"column":47}},"loc":{"start":{"line":31,"column":51},"end":{"line":31,"column":67}},"line":31}},"branchMap":{"0":{"loc":{"start":{"line":20,"column":28},"end":{"line":20,"column":53}},"type":"cond-expr","locations":[{"start":{"line":20,"column":38},"end":{"line":20,"column":44}},{"start":{"line":20,"column":47},"end":{"line":20,"column":53}}],"line":20},"1":{"loc":{"start":{"line":27,"column":4},"end":{"line":33,"column":5}},"type":"if","locations":[{"start":{"line":27,"column":4},"end":{"line":33,"column":5}},{"start":{},"end":{}}],"line":27},"2":{"loc":{"start":{"line":41,"column":9},"end":{"line":45,"column":11}},"type":"binary-expr","locations":[{"start":{"line":41,"column":9},"end":{"line":41,"column":16}},{"start":{"line":41,"column":20},"end":{"line":45,"column":11}}],"line":41},"3":{"loc":{"start":{"line":44,"column":11},"end":{"line":44,"column":110}},"type":"binary-expr","locations":[{"start":{"line":44,"column":11},"end":{"line":44,"column":35}},{"start":{"line":44,"column":39},"end":{"line":44,"column":110}}],"line":44}},"s":{"0":1,"1":6,"2":6,"3":6,"4":3,"5":6,"6":6,"7":2,"8":6,"9":0,"10":0,"11":0,"12":0,"13":0,"14":0,"15":0,"16":6,"17":1},"f":{"0":6,"1":3,"2":2,"3":0,"4":0},"b":{"0":[2,4],"1":[0,0],"2":[6,2],"3":[2,2]},"_coverageSchema":"1a1c01bbd47fc00a2c39e90264f33305004495a9","hash":"ea39df70a6e5f14e2458847fdb88911cb5f78414"}
,"C:\\Users\\jerem\\git\\moocfullstack\\osa5\\bloglist-frontend\\src\\components\\BlogForm.jsx": {"path":"C:\\Users\\jerem\\git\\moocfullstack\\osa5\\bloglist-frontend\\src\\components\\BlogForm.jsx","statementMap":{"0":{"start":{"line":3,"column":17},"end":{"line":66,"column":1}},"1":{"start":{"line":5,"column":28},"end":{"line":5,"column":40}},"2":{"start":{"line":6,"column":30},"end":{"line":6,"column":42}},"3":{"start":{"line":7,"column":24},"end":{"line":7,"column":36}},"4":{"start":{"line":12,"column":18},"end":{"line":23,"column":3}},"5":{"start":{"line":13,"column":4},"end":{"line":13,"column":26}},"6":{"start":{"line":14,"column":4},"end":{"line":18,"column":6}},"7":{"start":{"line":20,"column":4},"end":{"line":20,"column":16}},"8":{"start":{"line":21,"column":4},"end":{"line":21,"column":17}},"9":{"start":{"line":22,"column":4},"end":{"line":22,"column":14}},"10":{"start":{"line":25,"column":2},"end":{"line":65,"column":3}},"11":{"start":{"line":35,"column":31},"end":{"line":35,"column":59}},"12":{"start":{"line":46,"column":31},"end":{"line":46,"column":60}},"13":{"start":{"line":57,"column":31},"end":{"line":57,"column":57}}},"fnMap":{"0":{"name":"(anonymous_0)","decl":{"start":{"line":3,"column":17},"end":{"line":3,"column":18}},"loc":{"start":{"line":3,"column":38},"end":{"line":66,"column":1}},"line":3},"1":{"name":"(anonymous_1)","decl":{"start":{"line":12,"column":18},"end":{"line":12,"column":19}},"loc":{"start":{"line":12,"column":29},"end":{"line":23,"column":3}},"line":12},"2":{"name":"(anonymous_2)","decl":{"start":{"line":35,"column":22},"end":{"line":35,"column":23}},"loc":{"start":{"line":35,"column":31},"end":{"line":35,"column":59}},"line":35},"3":{"name":"(anonymous_3)","decl":{"start":{"line":46,"column":22},"end":{"line":46,"column":23}},"loc":{"start":{"line":46,"column":31},"end":{"line":46,"column":60}},"line":46},"4":{"name":"(anonymous_4)","decl":{"start":{"line":57,"column":22},"end":{"line":57,"column":23}},"loc":{"start":{"line":57,"column":31},"end":{"line":57,"column":57}},"line":57}},"branchMap":{},"s":{"0":1,"1":40,"2":40,"3":40,"4":40,"5":1,"6":1,"7":1,"8":1,"9":1,"10":40,"11":13,"12":14,"13":11},"f":{"0":40,"1":1,"2":13,"3":14,"4":11},"b":{},"_coverageSchema":"1a1c01bbd47fc00a2c39e90264f33305004495a9","hash":"c14ea73077d8a1ff91c845162a368fac9b760901"}
,"C:\\Users\\jerem\\git\\moocfullstack\\osa5\\bloglist-frontend\\src\\components\\LoginForm.jsx": {"path":"C:\\Users\\jerem\\git\\moocfullstack\\osa5\\bloglist-frontend\\src\\components\\LoginForm.jsx","statementMap":{"0":{"start":{"line":4,"column":18},"end":{"line":44,"column":1}},"1":{"start":{"line":11,"column":2},"end":{"line":17,"column":3}},"2":{"start":{"line":19,"column":2},"end":{"line":43,"column":3}}},"fnMap":{"0":{"name":"(anonymous_0)","decl":{"start":{"line":4,"column":18},"end":{"line":4,"column":19}},"loc":{"start":{"line":9,"column":17},"end":{"line":44,"column":1}},"line":9}},"branchMap":{},"s":{"0":0,"1":0,"2":0},"f":{"0":0},"b":{}}
,"C:\\Users\\jerem\\git\\moocfullstack\\osa5\\bloglist-frontend\\src\\components\\Notification.jsx": {"path":"C:\\Users\\jerem\\git\\moocfullstack\\osa5\\bloglist-frontend\\src\\components\\Notification.jsx","statementMap":{"0":{"start":{"line":5,"column":21},"end":{"line":17,"column":1}},"1":{"start":{"line":7,"column":2},"end":{"line":10,"column":3}},"2":{"start":{"line":12,"column":2},"end":{"line":14,"column":3}},"3":{"start":{"line":13,"column":4},"end":{"line":13,"column":15}},"4":{"start":{"line":16,"column":2},"end":{"line":16,"column":63}}},"fnMap":{"0":{"name":"(anonymous_0)","decl":{"start":{"line":5,"column":21},"end":{"line":5,"column":22}},"loc":{"start":{"line":5,"column":61},"end":{"line":17,"column":1}},"line":5}},"branchMap":{"0":{"loc":{"start":{"line":12,"column":2},"end":{"line":14,"column":3}},"type":"if","locations":[{"start":{"line":12,"column":2},"end":{"line":14,"column":3}},{"start":{},"end":{}}],"line":12}},"s":{"0":0,"1":0,"2":0,"3":0,"4":0},"f":{"0":0},"b":{"0":[0,0]}}
,"C:\\Users\\jerem\\git\\moocfullstack\\osa5\\bloglist-frontend\\src\\components\\Togglable.jsx": {"path":"C:\\Users\\jerem\\git\\moocfullstack\\osa5\\bloglist-frontend\\src\\components\\Togglable.jsx","statementMap":{"0":{"start":{"line":6,"column":18},"end":{"line":45,"column":2}},"1":{"start":{"line":8,"column":2},"end":{"line":8,"column":37}},"2":{"start":{"line":10,"column":32},"end":{"line":10,"column":47}},"3":{"start":{"line":12,"column":26},"end":{"line":12,"column":60}},"4":{"start":{"line":13,"column":26},"end":{"line":13,"column":60}},"5":{"start":{"line":15,"column":27},"end":{"line":17,"column":3}},"6":{"start":{"line":16,"column":4},"end":{"line":16,"column":24}},"7":{"start":{"line":19,"column":2},"end":{"line":23,"column":3}},"8":{"start":{"line":26,"column":2},"end":{"line":30,"column":4}},"9":{"start":{"line":27,"column":4},"end":{"line":29,"column":5}},"10":{"start":{"line":32,"column":2},"end":{"line":43,"column":3}}},"fnMap":{"0":{"name":"(anonymous_0)","decl":{"start":{"line":6,"column":29},"end":{"line":6,"column":30}},"loc":{"start":{"line":6,"column":45},"end":{"line":45,"column":1}},"line":6},"1":{"name":"(anonymous_1)","decl":{"start":{"line":15,"column":27},"end":{"line":15,"column":28}},"loc":{"start":{"line":15,"column":33},"end":{"line":17,"column":3}},"line":15},"2":{"name":"(anonymous_2)","decl":{"start":{"line":26,"column":27},"end":{"line":26,"column":28}},"loc":{"start":{"line":26,"column":33},"end":{"line":30,"column":3}},"line":26}},"branchMap":{"0":{"loc":{"start":{"line":12,"column":37},"end":{"line":12,"column":58}},"type":"cond-expr","locations":[{"start":{"line":12,"column":47},"end":{"line":12,"column":53}},{"start":{"line":12,"column":56},"end":{"line":12,"column":58}}],"line":12},"1":{"loc":{"start":{"line":13,"column":37},"end":{"line":13,"column":58}},"type":"cond-expr","locations":[{"start":{"line":13,"column":47},"end":{"line":13,"column":49}},{"start":{"line":13,"column":52},"end":{"line":13,"column":58}}],"line":13}},"s":{"0":0,"1":0,"2":0,"3":0,"4":0,"5":0,"6":0,"7":0,"8":0,"9":0,"10":0},"f":{"0":0,"1":0,"2":0},"b":{"0":[0,0],"1":[0,0]}}
,"C:\\Users\\jerem\\git\\moocfullstack\\osa5\\bloglist-frontend\\src\\services\\blogs.js": {"path":"C:\\Users\\jerem\\git\\moocfullstack\\osa5\\bloglist-frontend\\src\\services\\blogs.js","statementMap":{"0":{"start":{"line":2,"column":16},"end":{"line":2,"column":28}},"1":{"start":{"line":4,"column":12},"end":{"line":4,"column":16}},"2":{"start":{"line":5,"column":17},"end":{"line":5,"column":61}},"3":{"start":{"line":5,"column":32},"end":{"line":5,"column":60}},"4":{"start":{"line":7,"column":15},"end":{"line":10,"column":1}},"5":{"start":{"line":8,"column":18},"end":{"line":8,"column":36}},"6":{"start":{"line":9,"column":2},"end":{"line":9,"column":48}},"7":{"start":{"line":9,"column":34},"end":{"line":9,"column":47}},"8":{"start":{"line":12,"column":23},"end":{"line":15,"column":1}},"9":{"start":{"line":13,"column":18},"end":{"line":13,"column":59}},"10":{"start":{"line":14,"column":2},"end":{"line":14,"column":21}},"11":{"start":{"line":17,"column":15},"end":{"line":21,"column":1}},"12":{"start":{"line":18,"column":17},"end":{"line":18,"column":58}},"13":{"start":{"line":19,"column":19},"end":{"line":19,"column":63}},"14":{"start":{"line":20,"column":2},"end":{"line":20,"column":22}},"15":{"start":{"line":23,"column":15},"end":{"line":26,"column":1}},"16":{"start":{"line":24,"column":18},"end":{"line":24,"column":60}},"17":{"start":{"line":25,"column":2},"end":{"line":25,"column":48}},"18":{"start":{"line":25,"column":34},"end":{"line":25,"column":47}},"19":{"start":{"line":28,"column":15},"end":{"line":32,"column":1}},"20":{"start":{"line":29,"column":17},"end":{"line":29,"column":58}},"21":{"start":{"line":30,"column":18},"end":{"line":30,"column":66}},"22":{"start":{"line":31,"column":2},"end":{"line":31,"column":21}}},"fnMap":{"0":{"name":"(anonymous_0)","decl":{"start":{"line":5,"column":17},"end":{"line":5,"column":18}},"loc":{"start":{"line":5,"column":29},"end":{"line":5,"column":61}},"line":5},"1":{"name":"(anonymous_1)","decl":{"start":{"line":7,"column":15},"end":{"line":7,"column":16}},"loc":{"start":{"line":7,"column":21},"end":{"line":10,"column":1}},"line":7},"2":{"name":"(anonymous_2)","decl":{"start":{"line":9,"column":22},"end":{"line":9,"column":23}},"loc":{"start":{"line":9,"column":34},"end":{"line":9,"column":47}},"line":9},"3":{"name":"(anonymous_3)","decl":{"start":{"line":12,"column":23},"end":{"line":12,"column":24}},"loc":{"start":{"line":12,"column":37},"end":{"line":15,"column":1}},"line":12},"4":{"name":"(anonymous_4)","decl":{"start":{"line":17,"column":15},"end":{"line":17,"column":16}},"loc":{"start":{"line":17,"column":34},"end":{"line":21,"column":1}},"line":17},"5":{"name":"(anonymous_5)","decl":{"start":{"line":23,"column":15},"end":{"line":23,"column":16}},"loc":{"start":{"line":23,"column":34},"end":{"line":26,"column":1}},"line":23},"6":{"name":"(anonymous_6)","decl":{"start":{"line":25,"column":22},"end":{"line":25,"column":23}},"loc":{"start":{"line":25,"column":34},"end":{"line":25,"column":47}},"line":25},"7":{"name":"(anonymous_7)","decl":{"start":{"line":28,"column":15},"end":{"line":28,"column":16}},"loc":{"start":{"line":28,"column":29},"end":{"line":32,"column":1}},"line":28}},"branchMap":{},"s":{"0":1,"1":1,"2":1,"3":0,"4":1,"5":0,"6":0,"7":0,"8":1,"9":0,"10":0,"11":1,"12":0,"13":0,"14":0,"15":1,"16":0,"17":0,"18":0,"19":1,"20":0,"21":0,"22":0},"f":{"0":0,"1":0,"2":0,"3":0,"4":0,"5":0,"6":0,"7":0},"b":{},"_coverageSchema":"1a1c01bbd47fc00a2c39e90264f33305004495a9","hash":"21b32775fbc26e7da70eaae46e5ab9ad31463976"}
,"C:\\Users\\jerem\\git\\moocfullstack\\osa5\\bloglist-frontend\\src\\services\\login.js": {"path":"C:\\Users\\jerem\\git\\moocfullstack\\osa5\\bloglist-frontend\\src\\services\\login.js","statementMap":{"0":{"start":{"line":2,"column":16},"end":{"line":2,"column":28}},"1":{"start":{"line":4,"column":14},"end":{"line":7,"column":1}},"2":{"start":{"line":5,"column":19},"end":{"line":5,"column":57}},"3":{"start":{"line":6,"column":2},"end":{"line":6,"column":22}}},"fnMap":{"0":{"name":"(anonymous_0)","decl":{"start":{"line":4,"column":14},"end":{"line":4,"column":15}},"loc":{"start":{"line":4,"column":35},"end":{"line":7,"column":1}},"line":4}},"branchMap":{},"s":{"0":0,"1":0,"2":0,"3":0},"f":{"0":0},"b":{}}
}
